<?xml version="1.0" encoding="UTF-8"?>
<testng-results ignored="0" total="2" passed="2" failed="0" skipped="0">
  <reporter-output>
  </reporter-output>
  <suite started-at="2023-11-28T17:44:12 CST" name="Suite" finished-at="2023-11-28T17:44:22 CST" duration-ms="9816">
    <groups>
    </groups>
    <test started-at="2023-11-28T17:44:12 CST" name="Test" finished-at="2023-11-28T17:44:22 CST" duration-ms="9816">
      <class name="com.testscenario.FB_Login">
        <test-method is-config="true" signature="beforeClass(java.lang.String)[pri:0, instance:com.testscenario.FB_Login@1c7696c6]" started-at="2023-11-28T17:44:12 CST" name="beforeClass" finished-at="2023-11-28T17:44:15 CST" duration-ms="2899" status="PASS">
          <params>
            <param index="0">
              <value>
                <![CDATA[Chrome]]>
              </value>
            </param>
          </params>
          <reporter-output>
          </reporter-output>
        </test-method> <!-- beforeClass -->
        <test-method signature="Fb_login()[pri:0, instance:com.testscenario.FB_Login@1c7696c6]" started-at="2023-11-28T17:44:15 CST" name="Fb_login" finished-at="2023-11-28T17:44:17 CST" duration-ms="2464" status="PASS">
          <reporter-output>
          </reporter-output>
        </test-method> <!-- Fb_login -->
        <test-method is-config="true" signature="takeScreenshot()[pri:0, instance:com.testscenario.FB_Login@1c7696c6]" started-at="2023-11-28T17:44:17 CST" name="takeScreenshot" finished-at="2023-11-28T17:44:18 CST" duration-ms="1347" status="PASS">
          <reporter-output>
          </reporter-output>
        </test-method> <!-- takeScreenshot -->
        <test-method signature="google_login()[pri:0, instance:com.testscenario.FB_Login@1c7696c6]" started-at="2023-11-28T17:44:18 CST" name="google_login" finished-at="2023-11-28T17:44:20 CST" duration-ms="1549" status="PASS">
          <reporter-output>
          </reporter-output>
        </test-method> <!-- google_login -->
        <test-method is-config="true" signature="takeScreenshot()[pri:0, instance:com.testscenario.FB_Login@1c7696c6]" started-at="2023-11-28T17:44:20 CST" name="takeScreenshot" finished-at="2023-11-28T17:44:21 CST" duration-ms="1294" status="PASS">
          <reporter-output>
          </reporter-output>
        </test-method> <!-- takeScreenshot -->
        <test-method is-config="true" signature="afterClass()[pri:0, instance:com.testscenario.FB_Login@1c7696c6]" started-at="2023-11-28T17:44:21 CST" name="afterClass" finished-at="2023-11-28T17:44:21 CST" duration-ms="219" status="PASS">
          <reporter-output>
          </reporter-output>
        </test-method> <!-- afterClass -->
      </class> <!-- com.testscenario.FB_Login -->
    </test> <!-- Test -->
  </suite> <!-- Suite -->
</testng-results>
