<?xml version="1.0" encoding="UTF-8"?>
<!-- Generated by org.testng.reporters.JUnitXMLReporter -->
<testsuite ignored="0" hostname="TABLET-MFSEJGSN" failures="0" tests="2" name="edgeTestDP" time="2.864" errors="0" timestamp="2023-12-12T17:40:12 CST">
  <testcase classname="com.testscenario.TestNGDataProvider" name="f" time="0.0">
    <skipped/>
  </testcase> <!-- f -->
  <testcase classname="com.testscenario.TestNGDataProvider" name="f" time="0.0">
    <skipped/>
  </testcase> <!-- f -->
</testsuite> <!-- edgeTestDP -->
